<?xml version="1.0" encoding="UTF-8"?>
<TestRun id="c5ab80a3-0765-4324-a9a1-f80eada68136" name="test10@TEST10-PC 2012-06-19 14:15:43" runUser="test10-PC\test10" xmlns="http://microsoft.com/schemas/VisualStudio/TeamTest/2010">
  <TestSettings name="Local" id="4bb0a581-7075-47b7-ba43-58a6bb142cdb">
    <Description>These are default test settings for a local test run.</Description>
    <Deployment userDeploymentRoot="C:\Users\test10\Desktop\ClassicalEncryptionTechniques_Code\TestResults" useDefaultDeploymentRoot="false" enabled="false" runDeploymentRoot="test10_TEST10-PC 2012-06-19 14_15_43">
      <DeploymentItem filename="C:\Users\test10\Desktop\ClassicalEncryptionTechniques_Code\Services\bin\Debug\Services.dll" />
    </Deployment>
    <Execution>
      <TestTypeSpecific />
      <AgentRule name="Execution Agents">
      </AgentRule>
    </Execution>
  </TestSettings>
  <Times creation="2012-06-19T14:15:43.4965113+02:00" queuing="2012-06-19T14:15:43.5485143+02:00" start="2012-06-19T14:15:43.5525146+02:00" finish="2012-06-19T14:15:43.7365251+02:00" />
  <ResultSummary outcome="Completed">
    <Counters total="1" executed="1" passed="1" error="0" failed="0" timeout="0" aborted="0" inconclusive="0" passedButRunAborted="0" notRunnable="0" notExecuted="0" disconnected="0" warning="0" completed="0" inProgress="0" pending="0" />
  </ResultSummary>
  <TestDefinitions>
    <UnitTest name="DecryptTest" storage="c:\users\test10\desktop\classicalencryptiontechniques_code\unittests\bin\debug\unittests.dll" id="7eed629f-431a-5d0f-a7a2-31704e7fbfb6">
      <Execution id="2f4ed7aa-8b87-49d9-8e82-89e93f7ec5f6" />
      <TestMethod codeBase="C:/Users/test10/Desktop/ClassicalEncryptionTechniques_Code/UnitTests/bin/Debug/UnitTests.DLL" adapterTypeName="Microsoft.VisualStudio.TestTools.TestTypes.Unit.UnitTestAdapter, Microsoft.VisualStudio.QualityTools.Tips.UnitTest.Adapter, Version=10.0.0.0, Culture=neutral, PublicKeyToken=b03f5f7f11d50a3a" className="UnitTests.PlayFairTest, UnitTests, Version=1.0.0.0, Culture=neutral, PublicKeyToken=null" name="DecryptTest" />
    </UnitTest>
  </TestDefinitions>
  <TestLists>
    <TestList name="Results Not in a List" id="8c84fa94-04c1-424b-9868-57a2d4851a1d" />
    <TestList name="All Loaded Results" id="19431567-8539-422a-85d7-44ee4e166bda" />
  </TestLists>
  <TestEntries>
    <TestEntry testId="7eed629f-431a-5d0f-a7a2-31704e7fbfb6" executionId="2f4ed7aa-8b87-49d9-8e82-89e93f7ec5f6" testListId="8c84fa94-04c1-424b-9868-57a2d4851a1d" />
  </TestEntries>
  <Results>
    <UnitTestResult executionId="2f4ed7aa-8b87-49d9-8e82-89e93f7ec5f6" testId="7eed629f-431a-5d0f-a7a2-31704e7fbfb6" testName="DecryptTest" computerName="TEST10-PC" duration="00:00:00.0169028" startTime="2012-06-19T14:15:43.5545147+02:00" endTime="2012-06-19T14:15:43.7255244+02:00" testType="13cdc9d9-ddb5-4fa4-a97d-d965ccfc6d4b" outcome="Passed" testListId="8c84fa94-04c1-424b-9868-57a2d4851a1d" relativeResultsDirectory="2f4ed7aa-8b87-49d9-8e82-89e93f7ec5f6">
    </UnitTestResult>
  </Results>
</TestRun>