<?xml version="1.0" encoding="UTF-8"?>
<TestRun id="acef7082-51af-4efc-b00a-8859aa76ca12" name="test10@TEST10-PC 2012-06-19 14:22:09" runUser="test10-PC\test10" xmlns="http://microsoft.com/schemas/VisualStudio/TeamTest/2010">
  <TestSettings name="Local" id="4bb0a581-7075-47b7-ba43-58a6bb142cdb">
    <Description>These are default test settings for a local test run.</Description>
    <Deployment enabled="false" runDeploymentRoot="test10_TEST10-PC 2012-06-19 14_22_09">
      <DeploymentItem filename="C:\Users\test10\Desktop\ClassicalEncryptionTechniques_Code\Services\bin\Debug\Services.dll" />
    </Deployment>
    <Execution>
      <TestTypeSpecific />
      <AgentRule name="Execution Agents">
      </AgentRule>
    </Execution>
  </TestSettings>
  <Times creation="2012-06-19T14:22:09.8396089+02:00" queuing="2012-06-19T14:22:09.9346143+02:00" start="2012-06-19T14:22:09.9386146+02:00" finish="2012-06-19T14:22:10.1316256+02:00" />
  <ResultSummary outcome="Failed">
    <Counters total="1" executed="1" error="0" failed="1" timeout="0" aborted="0" inconclusive="0" passedButRunAborted="0" notRunnable="0" notExecuted="0" disconnected="0" warning="0" passed="0" completed="0" inProgress="0" pending="0" />
  </ResultSummary>
  <TestDefinitions>
    <UnitTest name="EncryptTest" storage="c:\users\test10\desktop\classicalencryptiontechniques_code\unittests\bin\debug\unittests.dll" id="d182f457-02ae-d932-4aa2-36109c224cce">
      <Execution id="bd77f028-2693-4091-9bbd-fc5ec2b9230a" />
      <TestMethod codeBase="C:/Users/test10/Desktop/ClassicalEncryptionTechniques_Code/UnitTests/bin/Debug/UnitTests.DLL" adapterTypeName="Microsoft.VisualStudio.TestTools.TestTypes.Unit.UnitTestAdapter, Microsoft.VisualStudio.QualityTools.Tips.UnitTest.Adapter, Version=10.0.0.0, Culture=neutral, PublicKeyToken=b03f5f7f11d50a3a" className="UnitTests.RowTranspositionTest, UnitTests, Version=1.0.0.0, Culture=neutral, PublicKeyToken=null" name="EncryptTest" />
    </UnitTest>
  </TestDefinitions>
  <TestLists>
    <TestList name="Results Not in a List" id="8c84fa94-04c1-424b-9868-57a2d4851a1d" />
    <TestList name="All Loaded Results" id="19431567-8539-422a-85d7-44ee4e166bda" />
  </TestLists>
  <TestEntries>
    <TestEntry testId="d182f457-02ae-d932-4aa2-36109c224cce" executionId="bd77f028-2693-4091-9bbd-fc5ec2b9230a" testListId="8c84fa94-04c1-424b-9868-57a2d4851a1d" />
  </TestEntries>
  <Results>
    <UnitTestResult executionId="bd77f028-2693-4091-9bbd-fc5ec2b9230a" testId="d182f457-02ae-d932-4aa2-36109c224cce" testName="EncryptTest" computerName="TEST10-PC" duration="00:00:00.0283553" startTime="2012-06-19T14:22:09.9406147+02:00" endTime="2012-06-19T14:22:10.1206250+02:00" testType="13cdc9d9-ddb5-4fa4-a97d-d965ccfc6d4b" outcome="Failed" testListId="8c84fa94-04c1-424b-9868-57a2d4851a1d" relativeResultsDirectory="bd77f028-2693-4091-9bbd-fc5ec2b9230a">
      <Output>
        <ErrorInfo>
          <Message>Assert.AreEqual failed. Expected:&lt;ttnaaptmtsuoaodwcoi*knl*pet*&gt;. Actual:&lt;ttna aptm tsuo aodw coi* knl* pet* &gt;. </Message>
          <StackTrace>   at UnitTests.RowTranspositionTest.EncryptTest() in C:\Users\test10\Desktop\ClassicalEncryptionTechniques_Code\UnitTests\ServicesTest\RowTranspositionTest.cs:line 23
</StackTrace>
        </ErrorInfo>
      </Output>
    </UnitTestResult>
  </Results>
</TestRun>