<?xml version="1.0" encoding="UTF-8"?>
<TestRun id="3ebb6de3-1a8a-49fb-b8ae-475e6adac4eb" name="test10@TEST10-PC 2012-06-19 14:18:06" runUser="test10-PC\test10" xmlns="http://microsoft.com/schemas/VisualStudio/TeamTest/2010">
  <TestSettings name="Local" id="4bb0a581-7075-47b7-ba43-58a6bb142cdb">
    <Description>These are default test settings for a local test run.</Description>
    <Deployment enabled="false" runDeploymentRoot="test10_TEST10-PC 2012-06-19 14_18_06">
      <DeploymentItem filename="C:\Users\test10\Desktop\ClassicalEncryptionTechniques_Code\Services\bin\Debug\Services.dll" />
    </Deployment>
    <Execution>
      <TestTypeSpecific />
      <AgentRule name="Execution Agents">
      </AgentRule>
    </Execution>
  </TestSettings>
  <Times creation="2012-06-19T14:18:06.1046681+02:00" queuing="2012-06-19T14:18:06.1986734+02:00" start="2012-06-19T14:18:06.2036737+02:00" finish="2012-06-19T14:18:06.4126857+02:00" />
  <ResultSummary outcome="Failed">
    <Counters total="1" executed="1" error="0" failed="1" timeout="0" aborted="0" inconclusive="0" passedButRunAborted="0" notRunnable="0" notExecuted="0" disconnected="0" warning="0" passed="0" completed="0" inProgress="0" pending="0" />
  </ResultSummary>
  <TestDefinitions>
    <UnitTest name="EncryptTest" storage="c:\users\test10\desktop\classicalencryptiontechniques_code\unittests\bin\debug\unittests.dll" id="92561371-9d08-9758-ae0e-76f51818d65f">
      <Execution id="ed3b6639-4036-42c7-b8ab-337d2c9cb257" />
      <TestMethod codeBase="C:/Users/test10/Desktop/ClassicalEncryptionTechniques_Code/UnitTests/bin/Debug/UnitTests.DLL" adapterTypeName="Microsoft.VisualStudio.TestTools.TestTypes.Unit.UnitTestAdapter, Microsoft.VisualStudio.QualityTools.Tips.UnitTest.Adapter, Version=10.0.0.0, Culture=neutral, PublicKeyToken=b03f5f7f11d50a3a" className="UnitTests.RailFenceTest, UnitTests, Version=1.0.0.0, Culture=neutral, PublicKeyToken=null" name="EncryptTest" />
    </UnitTest>
  </TestDefinitions>
  <TestLists>
    <TestList name="Results Not in a List" id="8c84fa94-04c1-424b-9868-57a2d4851a1d" />
    <TestList name="All Loaded Results" id="19431567-8539-422a-85d7-44ee4e166bda" />
  </TestLists>
  <TestEntries>
    <TestEntry testId="92561371-9d08-9758-ae0e-76f51818d65f" executionId="ed3b6639-4036-42c7-b8ab-337d2c9cb257" testListId="8c84fa94-04c1-424b-9868-57a2d4851a1d" />
  </TestEntries>
  <Results>
    <UnitTestResult executionId="ed3b6639-4036-42c7-b8ab-337d2c9cb257" testId="92561371-9d08-9758-ae0e-76f51818d65f" testName="EncryptTest" computerName="TEST10-PC" duration="00:00:00.0274604" startTime="2012-06-19T14:18:06.2056738+02:00" endTime="2012-06-19T14:18:06.3956847+02:00" testType="13cdc9d9-ddb5-4fa4-a97d-d965ccfc6d4b" outcome="Failed" testListId="8c84fa94-04c1-424b-9868-57a2d4851a1d" relativeResultsDirectory="ed3b6639-4036-42c7-b8ab-337d2c9cb257">
      <Output>
        <ErrorInfo>
          <Message>Assert.AreEqual failed. Expected:&lt;mematrhgautopryetefeterdainat&gt;. Actual:&lt;mematrhgautopryetefeterdainat*&gt;. </Message>
          <StackTrace>   at UnitTests.RailFenceTest.EncryptTest() in C:\Users\test10\Desktop\ClassicalEncryptionTechniques_Code\UnitTests\RailFenceTest.cs:line 29
</StackTrace>
        </ErrorInfo>
      </Output>
    </UnitTestResult>
  </Results>
</TestRun>