<?xml version="1.0" encoding="UTF-8"?>
<TestRun id="bd7a1100-3ba4-4844-b425-d230077977a8" name="test10@TEST10-PC 2012-06-19 14:22:37" runUser="test10-PC\test10" xmlns="http://microsoft.com/schemas/VisualStudio/TeamTest/2010">
  <TestSettings name="Local" id="4bb0a581-7075-47b7-ba43-58a6bb142cdb">
    <Description>These are default test settings for a local test run.</Description>
    <Deployment userDeploymentRoot="C:\Users\test10\Desktop\ClassicalEncryptionTechniques_Code\TestResults" useDefaultDeploymentRoot="false" enabled="false" runDeploymentRoot="test10_TEST10-PC 2012-06-19 14_22_37">
      <DeploymentItem filename="C:\Users\test10\Desktop\ClassicalEncryptionTechniques_Code\Services\bin\Debug\Services.dll" />
    </Deployment>
    <Execution>
      <TestTypeSpecific />
      <AgentRule name="Execution Agents">
      </AgentRule>
    </Execution>
  </TestSettings>
  <Times creation="2012-06-19T14:22:37.3031797+02:00" queuing="2012-06-19T14:22:37.3671834+02:00" start="2012-06-19T14:22:37.3711836+02:00" finish="2012-06-19T14:22:37.5751953+02:00" />
  <ResultSummary outcome="Failed">
    <Counters total="1" executed="1" error="0" failed="1" timeout="0" aborted="0" inconclusive="0" passedButRunAborted="0" notRunnable="0" notExecuted="0" disconnected="0" warning="0" passed="0" completed="0" inProgress="0" pending="0" />
  </ResultSummary>
  <TestDefinitions>
    <UnitTest name="EncryptTest" storage="c:\users\test10\desktop\classicalencryptiontechniques_code\unittests\bin\debug\unittests.dll" id="d182f457-02ae-d932-4aa2-36109c224cce">
      <Execution id="09fb6306-d457-458b-882a-f2ce8e8b194b" />
      <TestMethod codeBase="C:/Users/test10/Desktop/ClassicalEncryptionTechniques_Code/UnitTests/bin/Debug/UnitTests.DLL" adapterTypeName="Microsoft.VisualStudio.TestTools.TestTypes.Unit.UnitTestAdapter, Microsoft.VisualStudio.QualityTools.Tips.UnitTest.Adapter, Version=10.0.0.0, Culture=neutral, PublicKeyToken=b03f5f7f11d50a3a" className="UnitTests.RowTranspositionTest, UnitTests, Version=1.0.0.0, Culture=neutral, PublicKeyToken=null" name="EncryptTest" />
    </UnitTest>
  </TestDefinitions>
  <TestLists>
    <TestList name="Results Not in a List" id="8c84fa94-04c1-424b-9868-57a2d4851a1d" />
    <TestList name="All Loaded Results" id="19431567-8539-422a-85d7-44ee4e166bda" />
  </TestLists>
  <TestEntries>
    <TestEntry testId="d182f457-02ae-d932-4aa2-36109c224cce" executionId="09fb6306-d457-458b-882a-f2ce8e8b194b" testListId="8c84fa94-04c1-424b-9868-57a2d4851a1d" />
  </TestEntries>
  <Results>
    <UnitTestResult executionId="09fb6306-d457-458b-882a-f2ce8e8b194b" testId="d182f457-02ae-d932-4aa2-36109c224cce" testName="EncryptTest" computerName="TEST10-PC" duration="00:00:00.0271771" startTime="2012-06-19T14:22:37.3731837+02:00" endTime="2012-06-19T14:22:37.5631946+02:00" testType="13cdc9d9-ddb5-4fa4-a97d-d965ccfc6d4b" outcome="Failed" testListId="8c84fa94-04c1-424b-9868-57a2d4851a1d" relativeResultsDirectory="09fb6306-d457-458b-882a-f2ce8e8b194b">
      <Output>
        <ErrorInfo>
          <Message>Assert.AreEqual failed. Expected:&lt;ttna aptm tsuo aodw coi* knl* pet*&gt;. Actual:&lt;ttna aptm tsuo aodw coi* knl* pet* &gt;. </Message>
          <StackTrace>   at UnitTests.RowTranspositionTest.EncryptTest() in C:\Users\test10\Desktop\ClassicalEncryptionTechniques_Code\UnitTests\ServicesTest\RowTranspositionTest.cs:line 23
</StackTrace>
        </ErrorInfo>
      </Output>
    </UnitTestResult>
  </Results>
</TestRun>